<?xml version="1.0" encoding="UTF-8"?>
<testsuite name="pwaksman.builder.BurgerBuilderTest" tests="1" skipped="0" failures="0" errors="0" timestamp="2022-07-18T17:17:06" hostname="SWORN" time="0.314">
  <properties/>
  <testcase name="should return top builder" classname="pwaksman.builder.BurgerBuilderTest" time="0.314"/>
  <system-out><![CDATA[]]></system-out>
  <system-err><![CDATA[]]></system-err>
</testsuite>
